######################## Начало письма ###########################
Адресат: test@mail.ru
Время отправки: 2021.06.09  17:12:00
###################### Заголовок письма ##########################
На сайте добавлена новая запись: тестовый пост
######################### Тело письма ############################

Новая статья: тестовый пост

проверка ссылки на слеш в slug

Читать - http://localhost/post//testovyj-post

Отписаться от рассылки - http://localhost/manage-subscribes/unsubscribe-by-link?email=test@mail.ru&code=RndifMNmAs1dx09Wjy1cGHLu2TYefpk6y6c9fAKyOSeueshfPvQJrgkElYQ14gcv
######################### Конец письма ###########################
------------------------------------------------------------------
######################## Начало письма ###########################
Адресат: differ@list.ru
Время отправки: 2021.06.09  17:12:00
###################### Заголовок письма ##########################
На сайте добавлена новая запись: тестовый пост
######################### Тело письма ############################

Новая статья: тестовый пост

проверка ссылки на слеш в slug

Читать - http://localhost/post//testovyj-post

Отписаться от рассылки - http://localhost/manage-subscribes/unsubscribe-by-link?email=differ@list.ru&code=fTMJObOR63vPca2xqi75tHQTyuPLg3zwLmVlFIaL9pxdtZCjkFIQeLPwytpUyyi4
######################### Конец письма ###########################
------------------------------------------------------------------
